<?xml version="1.0" encoding="UTF-8"?>
<testng-results skipped="1" failed="0" ignored="0" total="1" passed="0">
  <reporter-output>
  </reporter-output>
  <suite name="Default suite" duration-ms="4127" started-at="2022-02-06T11:37:36 IST" finished-at="2022-02-06T11:37:40 IST">
    <groups>
      <group name="smokeSuite">
        <method signature="CreateOrgTest.createOrgTest()[pri:0, instance:com.crm.autoDesk.orgTest.CreateOrgTest@8e24743]" name="createOrgTest" class="com.crm.autoDesk.orgTest.CreateOrgTest"/>
      </group> <!-- smokeSuite -->
    </groups>
    <test name="Default test" duration-ms="4127" started-at="2022-02-06T11:37:36 IST" finished-at="2022-02-06T11:37:40 IST">
      <class name="com.crm.autoDesk.orgTest.CreateOrgTest">
        <test-method status="PASS" signature="dbConnection()[pri:0, instance:com.crm.autoDesk.orgTest.CreateOrgTest@8e24743]" name="dbConnection" is-config="true" duration-ms="17" started-at="2022-02-06T11:37:36 IST" finished-at="2022-02-06T11:37:36 IST">
          <reporter-output>
          </reporter-output>
        </test-method> <!-- dbConnection -->
        <test-method status="FAIL" signature="launchBrowser()[pri:0, instance:com.crm.autoDesk.orgTest.CreateOrgTest@8e24743]" name="launchBrowser" is-config="true" duration-ms="3987" started-at="2022-02-06T11:37:36 IST" finished-at="2022-02-06T11:37:40 IST">
          <exception class="org.openqa.selenium.SessionNotCreatedException">
            <message>
              <![CDATA[session not created: This version of ChromeDriver only supports Chrome version 96
Current browser version is 98.0.4758.81 with binary path C:\Program Files (x86)\Google\Chrome\Application\chrome.exe
Build info: version: '3.141.59', revision: 'e82be7d358', time: '2018-11-14T08:17:03'
System info: host: 'LAPTOP-C4QLKEEG', ip: '192.168.183.1', os.name: 'Windows 10', os.arch: 'amd64', os.version: '10.0', java.version: '1.8.0_291'
Driver info: driver.version: ChromeDriver
remote stacktrace: Backtrace:
Ordinal0 [0x00EC6903+2517251]
Ordinal0 [0x00E5F8E1+2095329]
Ordinal0 [0x00D62848+1058888]
Ordinal0 [0x00D80B9D+1182621]
Ordinal0 [0x00D7CA60+1165920]
Ordinal0 [0x00D7A2CF+1155791]
Ordinal0 [0x00DAAAAF+1354415]
Ordinal0 [0x00DAA71A+1353498]
Ordinal0 [0x00DA639B+1336219]
Ordinal0 [0x00D827A7+1189799]
Ordinal0 [0x00D83609+1193481]
GetHandleVerifier [0x01055904+1577972]
GetHandleVerifier [0x01100B97+2279047]
GetHandleVerifier [0x00F56D09+534521]
GetHandleVerifier [0x00F55DB9+530601]
Ordinal0 [0x00E64FF9+2117625]
Ordinal0 [0x00E698A8+2136232]
Ordinal0 [0x00E699E2+2136546]
Ordinal0 [0x00E73541+2176321]
BaseThreadInitThunk [0x76526359+25]
RtlGetAppContainerNamedObjectPath [0x776D7C24+228]
RtlGetAppContainerNamedObjectPath [0x776D7BF4+180]
]]>
            </message>
            <full-stacktrace>
              <![CDATA[org.openqa.selenium.SessionNotCreatedException: session not created: This version of ChromeDriver only supports Chrome version 96
Current browser version is 98.0.4758.81 with binary path C:\Program Files (x86)\Google\Chrome\Application\chrome.exe
Build info: version: '3.141.59', revision: 'e82be7d358', time: '2018-11-14T08:17:03'
System info: host: 'LAPTOP-C4QLKEEG', ip: '192.168.183.1', os.name: 'Windows 10', os.arch: 'amd64', os.version: '10.0', java.version: '1.8.0_291'
Driver info: driver.version: ChromeDriver
remote stacktrace: Backtrace:
Ordinal0 [0x00EC6903+2517251]
Ordinal0 [0x00E5F8E1+2095329]
Ordinal0 [0x00D62848+1058888]
Ordinal0 [0x00D80B9D+1182621]
Ordinal0 [0x00D7CA60+1165920]
Ordinal0 [0x00D7A2CF+1155791]
Ordinal0 [0x00DAAAAF+1354415]
Ordinal0 [0x00DAA71A+1353498]
Ordinal0 [0x00DA639B+1336219]
Ordinal0 [0x00D827A7+1189799]
Ordinal0 [0x00D83609+1193481]
GetHandleVerifier [0x01055904+1577972]
GetHandleVerifier [0x01100B97+2279047]
GetHandleVerifier [0x00F56D09+534521]
GetHandleVerifier [0x00F55DB9+530601]
Ordinal0 [0x00E64FF9+2117625]
Ordinal0 [0x00E698A8+2136232]
Ordinal0 [0x00E699E2+2136546]
Ordinal0 [0x00E73541+2176321]
BaseThreadInitThunk [0x76526359+25]
RtlGetAppContainerNamedObjectPath [0x776D7C24+228]
RtlGetAppContainerNamedObjectPath [0x776D7BF4+180]

at sun.reflect.NativeConstructorAccessorImpl.newInstance0(Native Method)
at sun.reflect.NativeConstructorAccessorImpl.newInstance(Unknown Source)
at sun.reflect.DelegatingConstructorAccessorImpl.newInstance(Unknown Source)
at java.lang.reflect.Constructor.newInstance(Unknown Source)
at org.openqa.selenium.remote.W3CHandshakeResponse.lambda$errorHandler$0(W3CHandshakeResponse.java:62)
at org.openqa.selenium.remote.HandshakeResponse.lambda$getResponseFunction$0(HandshakeResponse.java:30)
at org.openqa.selenium.remote.ProtocolHandshake.lambda$createSession$0(ProtocolHandshake.java:126)
at java.util.stream.ReferencePipeline$3$1.accept(Unknown Source)
at java.util.Spliterators$ArraySpliterator.tryAdvance(Unknown Source)
at java.util.stream.ReferencePipeline.forEachWithCancel(Unknown Source)
at java.util.stream.AbstractPipeline.copyIntoWithCancel(Unknown Source)
at java.util.stream.AbstractPipeline.copyInto(Unknown Source)
at java.util.stream.AbstractPipeline.wrapAndCopyInto(Unknown Source)
at java.util.stream.FindOps$FindOp.evaluateSequential(Unknown Source)
at java.util.stream.AbstractPipeline.evaluate(Unknown Source)
at java.util.stream.ReferencePipeline.findFirst(Unknown Source)
at org.openqa.selenium.remote.ProtocolHandshake.createSession(ProtocolHandshake.java:128)
at org.openqa.selenium.remote.ProtocolHandshake.createSession(ProtocolHandshake.java:74)
at org.openqa.selenium.remote.HttpCommandExecutor.execute(HttpCommandExecutor.java:136)
at org.openqa.selenium.remote.service.DriverCommandExecutor.execute(DriverCommandExecutor.java:83)
at org.openqa.selenium.remote.RemoteWebDriver.execute(RemoteWebDriver.java:552)
at org.openqa.selenium.remote.RemoteWebDriver.startSession(RemoteWebDriver.java:213)
at org.openqa.selenium.remote.RemoteWebDriver.<init>(RemoteWebDriver.java:131)
at org.openqa.selenium.chrome.ChromeDriver.<init>(ChromeDriver.java:181)
at org.openqa.selenium.chrome.ChromeDriver.<init>(ChromeDriver.java:168)
at org.openqa.selenium.chrome.ChromeDriver.<init>(ChromeDriver.java:123)
at com.crm.autodesk.genericutility.BaseClass.launchBrowser(BaseClass.java:40)
at sun.reflect.NativeMethodAccessorImpl.invoke0(Native Method)
at sun.reflect.NativeMethodAccessorImpl.invoke(Unknown Source)
at sun.reflect.DelegatingMethodAccessorImpl.invoke(Unknown Source)
at java.lang.reflect.Method.invoke(Unknown Source)
at org.testng.internal.MethodInvocationHelper.invokeMethod(MethodInvocationHelper.java:133)
at org.testng.internal.MethodInvocationHelper.invokeMethodConsideringTimeout(MethodInvocationHelper.java:62)
at org.testng.internal.ConfigInvoker.invokeConfigurationMethod(ConfigInvoker.java:385)
at org.testng.internal.ConfigInvoker.invokeConfigurations(ConfigInvoker.java:321)
at org.testng.internal.TestMethodWorker.invokeBeforeClassMethods(TestMethodWorker.java:176)
at org.testng.internal.TestMethodWorker.run(TestMethodWorker.java:122)
at java.util.ArrayList.forEach(Unknown Source)
at org.testng.TestRunner.privateRun(TestRunner.java:794)
at org.testng.TestRunner.run(TestRunner.java:596)
at org.testng.SuiteRunner.runTest(SuiteRunner.java:377)
at org.testng.SuiteRunner.runSequentially(SuiteRunner.java:371)
at org.testng.SuiteRunner.privateRun(SuiteRunner.java:332)
at org.testng.SuiteRunner.run(SuiteRunner.java:276)
at org.testng.SuiteRunnerWorker.runSuite(SuiteRunnerWorker.java:53)
at org.testng.SuiteRunnerWorker.run(SuiteRunnerWorker.java:96)
at org.testng.TestNG.runSuitesSequentially(TestNG.java:1212)
at org.testng.TestNG.runSuitesLocally(TestNG.java:1134)
at org.testng.TestNG.runSuites(TestNG.java:1063)
at org.testng.TestNG.run(TestNG.java:1031)
at org.testng.remote.AbstractRemoteTestNG.run(AbstractRemoteTestNG.java:115)
at org.testng.remote.RemoteTestNG.initAndRun(RemoteTestNG.java:251)
at org.testng.remote.RemoteTestNG.main(RemoteTestNG.java:77)
]]>
            </full-stacktrace>
          </exception> <!-- org.openqa.selenium.SessionNotCreatedException -->
          <reporter-output>
          </reporter-output>
        </test-method> <!-- launchBrowser -->
        <test-method status="SKIP" signature="loginToApp()[pri:0, instance:com.crm.autoDesk.orgTest.CreateOrgTest@8e24743]" name="loginToApp" is-config="true" duration-ms="-1644127660646" started-at="2022-02-06T11:37:40 IST" finished-at="1970-01-01T05:30:00 IST">
          <reporter-output>
          </reporter-output>
        </test-method> <!-- loginToApp -->
        <test-method status="SKIP" signature="createOrgTest()[pri:0, instance:com.crm.autoDesk.orgTest.CreateOrgTest@8e24743]" name="createOrgTest" duration-ms="0" started-at="2022-02-06T11:37:40 IST" finished-at="2022-02-06T11:37:40 IST">
          <exception class="org.openqa.selenium.SessionNotCreatedException">
            <message>
              <![CDATA[session not created: This version of ChromeDriver only supports Chrome version 96
Current browser version is 98.0.4758.81 with binary path C:\Program Files (x86)\Google\Chrome\Application\chrome.exe
Build info: version: '3.141.59', revision: 'e82be7d358', time: '2018-11-14T08:17:03'
System info: host: 'LAPTOP-C4QLKEEG', ip: '192.168.183.1', os.name: 'Windows 10', os.arch: 'amd64', os.version: '10.0', java.version: '1.8.0_291'
Driver info: driver.version: ChromeDriver
remote stacktrace: Backtrace:
Ordinal0 [0x00EC6903+2517251]
Ordinal0 [0x00E5F8E1+2095329]
Ordinal0 [0x00D62848+1058888]
Ordinal0 [0x00D80B9D+1182621]
Ordinal0 [0x00D7CA60+1165920]
Ordinal0 [0x00D7A2CF+1155791]
Ordinal0 [0x00DAAAAF+1354415]
Ordinal0 [0x00DAA71A+1353498]
Ordinal0 [0x00DA639B+1336219]
Ordinal0 [0x00D827A7+1189799]
Ordinal0 [0x00D83609+1193481]
GetHandleVerifier [0x01055904+1577972]
GetHandleVerifier [0x01100B97+2279047]
GetHandleVerifier [0x00F56D09+534521]
GetHandleVerifier [0x00F55DB9+530601]
Ordinal0 [0x00E64FF9+2117625]
Ordinal0 [0x00E698A8+2136232]
Ordinal0 [0x00E699E2+2136546]
Ordinal0 [0x00E73541+2176321]
BaseThreadInitThunk [0x76526359+25]
RtlGetAppContainerNamedObjectPath [0x776D7C24+228]
RtlGetAppContainerNamedObjectPath [0x776D7BF4+180]
]]>
            </message>
            <full-stacktrace>
              <![CDATA[org.openqa.selenium.SessionNotCreatedException: session not created: This version of ChromeDriver only supports Chrome version 96
Current browser version is 98.0.4758.81 with binary path C:\Program Files (x86)\Google\Chrome\Application\chrome.exe
Build info: version: '3.141.59', revision: 'e82be7d358', time: '2018-11-14T08:17:03'
System info: host: 'LAPTOP-C4QLKEEG', ip: '192.168.183.1', os.name: 'Windows 10', os.arch: 'amd64', os.version: '10.0', java.version: '1.8.0_291'
Driver info: driver.version: ChromeDriver
remote stacktrace: Backtrace:
Ordinal0 [0x00EC6903+2517251]
Ordinal0 [0x00E5F8E1+2095329]
Ordinal0 [0x00D62848+1058888]
Ordinal0 [0x00D80B9D+1182621]
Ordinal0 [0x00D7CA60+1165920]
Ordinal0 [0x00D7A2CF+1155791]
Ordinal0 [0x00DAAAAF+1354415]
Ordinal0 [0x00DAA71A+1353498]
Ordinal0 [0x00DA639B+1336219]
Ordinal0 [0x00D827A7+1189799]
Ordinal0 [0x00D83609+1193481]
GetHandleVerifier [0x01055904+1577972]
GetHandleVerifier [0x01100B97+2279047]
GetHandleVerifier [0x00F56D09+534521]
GetHandleVerifier [0x00F55DB9+530601]
Ordinal0 [0x00E64FF9+2117625]
Ordinal0 [0x00E698A8+2136232]
Ordinal0 [0x00E699E2+2136546]
Ordinal0 [0x00E73541+2176321]
BaseThreadInitThunk [0x76526359+25]
RtlGetAppContainerNamedObjectPath [0x776D7C24+228]
RtlGetAppContainerNamedObjectPath [0x776D7BF4+180]

at sun.reflect.NativeConstructorAccessorImpl.newInstance0(Native Method)
at sun.reflect.NativeConstructorAccessorImpl.newInstance(Unknown Source)
at sun.reflect.DelegatingConstructorAccessorImpl.newInstance(Unknown Source)
at java.lang.reflect.Constructor.newInstance(Unknown Source)
at org.openqa.selenium.remote.W3CHandshakeResponse.lambda$errorHandler$0(W3CHandshakeResponse.java:62)
at org.openqa.selenium.remote.HandshakeResponse.lambda$getResponseFunction$0(HandshakeResponse.java:30)
at org.openqa.selenium.remote.ProtocolHandshake.lambda$createSession$0(ProtocolHandshake.java:126)
at java.util.stream.ReferencePipeline$3$1.accept(Unknown Source)
at java.util.Spliterators$ArraySpliterator.tryAdvance(Unknown Source)
at java.util.stream.ReferencePipeline.forEachWithCancel(Unknown Source)
at java.util.stream.AbstractPipeline.copyIntoWithCancel(Unknown Source)
at java.util.stream.AbstractPipeline.copyInto(Unknown Source)
at java.util.stream.AbstractPipeline.wrapAndCopyInto(Unknown Source)
at java.util.stream.FindOps$FindOp.evaluateSequential(Unknown Source)
at java.util.stream.AbstractPipeline.evaluate(Unknown Source)
at java.util.stream.ReferencePipeline.findFirst(Unknown Source)
at org.openqa.selenium.remote.ProtocolHandshake.createSession(ProtocolHandshake.java:128)
at org.openqa.selenium.remote.ProtocolHandshake.createSession(ProtocolHandshake.java:74)
at org.openqa.selenium.remote.HttpCommandExecutor.execute(HttpCommandExecutor.java:136)
at org.openqa.selenium.remote.service.DriverCommandExecutor.execute(DriverCommandExecutor.java:83)
at org.openqa.selenium.remote.RemoteWebDriver.execute(RemoteWebDriver.java:552)
at org.openqa.selenium.remote.RemoteWebDriver.startSession(RemoteWebDriver.java:213)
at org.openqa.selenium.remote.RemoteWebDriver.<init>(RemoteWebDriver.java:131)
at org.openqa.selenium.chrome.ChromeDriver.<init>(ChromeDriver.java:181)
at org.openqa.selenium.chrome.ChromeDriver.<init>(ChromeDriver.java:168)
at org.openqa.selenium.chrome.ChromeDriver.<init>(ChromeDriver.java:123)
at com.crm.autodesk.genericutility.BaseClass.launchBrowser(BaseClass.java:40)
at sun.reflect.NativeMethodAccessorImpl.invoke0(Native Method)
at sun.reflect.NativeMethodAccessorImpl.invoke(Unknown Source)
at sun.reflect.DelegatingMethodAccessorImpl.invoke(Unknown Source)
at java.lang.reflect.Method.invoke(Unknown Source)
at org.testng.internal.MethodInvocationHelper.invokeMethod(MethodInvocationHelper.java:133)
at org.testng.internal.MethodInvocationHelper.invokeMethodConsideringTimeout(MethodInvocationHelper.java:62)
at org.testng.internal.ConfigInvoker.invokeConfigurationMethod(ConfigInvoker.java:385)
at org.testng.internal.ConfigInvoker.invokeConfigurations(ConfigInvoker.java:321)
at org.testng.internal.TestMethodWorker.invokeBeforeClassMethods(TestMethodWorker.java:176)
at org.testng.internal.TestMethodWorker.run(TestMethodWorker.java:122)
at java.util.ArrayList.forEach(Unknown Source)
at org.testng.TestRunner.privateRun(TestRunner.java:794)
at org.testng.TestRunner.run(TestRunner.java:596)
at org.testng.SuiteRunner.runTest(SuiteRunner.java:377)
at org.testng.SuiteRunner.runSequentially(SuiteRunner.java:371)
at org.testng.SuiteRunner.privateRun(SuiteRunner.java:332)
at org.testng.SuiteRunner.run(SuiteRunner.java:276)
at org.testng.SuiteRunnerWorker.runSuite(SuiteRunnerWorker.java:53)
at org.testng.SuiteRunnerWorker.run(SuiteRunnerWorker.java:96)
at org.testng.TestNG.runSuitesSequentially(TestNG.java:1212)
at org.testng.TestNG.runSuitesLocally(TestNG.java:1134)
at org.testng.TestNG.runSuites(TestNG.java:1063)
at org.testng.TestNG.run(TestNG.java:1031)
at org.testng.remote.AbstractRemoteTestNG.run(AbstractRemoteTestNG.java:115)
at org.testng.remote.RemoteTestNG.initAndRun(RemoteTestNG.java:251)
at org.testng.remote.RemoteTestNG.main(RemoteTestNG.java:77)
]]>
            </full-stacktrace>
          </exception> <!-- org.openqa.selenium.SessionNotCreatedException -->
          <reporter-output>
          </reporter-output>
        </test-method> <!-- createOrgTest -->
        <test-method status="SKIP" signature="logoutApp()[pri:0, instance:com.crm.autoDesk.orgTest.CreateOrgTest@8e24743]" name="logoutApp" is-config="true" duration-ms="-1644127660671" started-at="2022-02-06T11:37:40 IST" finished-at="1970-01-01T05:30:00 IST">
          <reporter-output>
          </reporter-output>
        </test-method> <!-- logoutApp -->
        <test-method status="SKIP" signature="closeBrowser()[pri:0, instance:com.crm.autoDesk.orgTest.CreateOrgTest@8e24743]" name="closeBrowser" is-config="true" duration-ms="-1644127660676" started-at="2022-02-06T11:37:40 IST" finished-at="1970-01-01T05:30:00 IST">
          <reporter-output>
          </reporter-output>
        </test-method> <!-- closeBrowser -->
        <test-method status="PASS" signature="closeConnection()[pri:0, instance:com.crm.autoDesk.orgTest.CreateOrgTest@8e24743]" name="closeConnection" is-config="true" duration-ms="1" started-at="2022-02-06T11:37:40 IST" finished-at="2022-02-06T11:37:40 IST">
          <reporter-output>
          </reporter-output>
        </test-method> <!-- closeConnection -->
      </class> <!-- com.crm.autoDesk.orgTest.CreateOrgTest -->
    </test> <!-- Default test -->
  </suite> <!-- Default suite -->
</testng-results>
